<?xml version="1.0" encoding="UTF-8"?>
<testsuite xmlns:xsi="http://www.w3.org/2001/XMLSchema-instance" xsi:noNamespaceSchemaLocation="https://maven.apache.org/surefire/maven-surefire-plugin/xsd/surefire-test-report-3.0.xsd" version="3.0" name="com.lostark.invenchecker.service.InvenSearchServiceTest" time="1.687" tests="9" errors="0" skipped="0" failures="0">
  <properties>
[...]
</properties>
  <testcase name="search_extractsStermFromNextLink" classname="com.lostark.invenchecker.service.InvenSearchServiceTest" time="0.348">
    <system-out><![CDATA[2026-03-10T03:56:24.901+09:00  INFO 36164 --- [           main] t.c.s.AnnotationConfigContextLoaderUtils : Could not detect default configuration classes for test class [com.lostark.invenchecker.service.InvenSearchServiceTest]: InvenSearchServiceTest does not declare any static, non-private, non-final, nested classes annotated with @Configuration.
2026-03-10T03:56:24.917+09:00  INFO 36164 --- [           main] .b.t.c.SpringBootTestContextBootstrapper : Found @SpringBootConfiguration com.lostark.invenchecker.InvenCheckerApplication for test class com.lostark.invenchecker.service.InvenSearchServiceTest

  .   ____          _            __ _ _
 /\\ / ___'_ __ _ _(_)_ __  __ _ \ \ \ \
( ( )\___ | '_ | '_| | '_ \/ _` | \ \ \ \
 \\/  ___)| |_)| | | | | || (_| |  ) ) ) )
  '  |____| .__|_| |_|_| |_\__, | / / / /
 =========|_|==============|___/=/_/_/_/
 :: Spring Boot ::                (v3.2.5)

2026-03-10T03:56:25.693+09:00  INFO 36164 --- [           main] c.l.i.service.InvenSearchServiceTest     : Starting InvenSearchServiceTest using Java 17.0.18 with PID 36164 (started by pjh59 in C:\Users\pjh59\Documents\GitHub\lostark\inven-checker\backend)
2026-03-10T03:56:25.693+09:00  INFO 36164 --- [           main] c.l.i.service.InvenSearchServiceTest     : No active profile set, falling back to 1 default profile: "default"
2026-03-10T03:56:26.092+09:00  INFO 36164 --- [           main] c.l.i.service.InvenSearchServiceTest     : Started InvenSearchServiceTest in 0.647 seconds (process running for 4.233)
2026-03-10T03:56:26.182+09:00  INFO 36164 --- [           main] c.l.i.service.InvenSearchService         : [검색 시작] 닉네임='BeeA23' | maxIterations=10
2026-03-10T03:56:26.430+09:00  INFO 36164 --- [           main] c.l.i.service.InvenSearchService         : [1/10] 2건 발견
2026-03-10T03:56:26.437+09:00  INFO 36164 --- [           main] c.l.i.service.InvenSearchService         : [검색 종료] 다음 검색 링크 없음 (2회 수행)
2026-03-10T03:56:26.437+09:00  INFO 36164 --- [           main] c.l.i.service.InvenSearchService         : [검색 완료] 닉네임='BeeA23' | 총 2건 수집
]]></system-out>
  </testcase>
  <testcase name="search_BeeA23_requestCount" classname="com.lostark.invenchecker.service.InvenSearchServiceTest" time="0.015">
    <system-out><![CDATA[2026-03-10T03:56:26.444+09:00  INFO 36164 --- [           main] c.l.i.service.InvenSearchService         : [검색 시작] 닉네임='BeeA23' | maxIterations=10
2026-03-10T03:56:26.450+09:00  INFO 36164 --- [           main] c.l.i.service.InvenSearchService         : [1/10] 2건 발견
2026-03-10T03:56:26.455+09:00  INFO 36164 --- [           main] c.l.i.service.InvenSearchService         : [2/10] 1건 발견
2026-03-10T03:56:26.456+09:00  INFO 36164 --- [           main] c.l.i.service.InvenSearchService         : [검색 종료] 다음 검색 링크 없음 (2회 수행)
2026-03-10T03:56:26.456+09:00  INFO 36164 --- [           main] c.l.i.service.InvenSearchService         : [검색 완료] 닉네임='BeeA23' | 총 3건 수집
]]></system-out>
  </testcase>
  <testcase name="search_noNextLink_stopsAfterFirstRequest" classname="com.lostark.invenchecker.service.InvenSearchServiceTest" time="0.047">
    <system-out><![CDATA[2026-03-10T03:56:26.460+09:00  INFO 36164 --- [           main] c.l.i.service.InvenSearchService         : [검색 시작] 닉네임='BeeA23' | maxIterations=10
2026-03-10T03:56:26.464+09:00  INFO 36164 --- [           main] c.l.i.service.InvenSearchService         : [검색 종료] 다음 검색 링크 없음 (1회 수행)
2026-03-10T03:56:26.465+09:00  INFO 36164 --- [           main] c.l.i.service.InvenSearchService         : [검색 완료] 닉네임='BeeA23' | 총 0건 수집
]]></system-out>
  </testcase>
  <testcase name="search_BeeA23_findsPostsAcrossPages" classname="com.lostark.invenchecker.service.InvenSearchServiceTest" time="0.015">
    <system-out><![CDATA[2026-03-10T03:56:26.507+09:00  INFO 36164 --- [           main] c.l.i.service.InvenSearchService         : [검색 시작] 닉네임='BeeA23' | maxIterations=10
2026-03-10T03:56:26.515+09:00  INFO 36164 --- [           main] c.l.i.service.InvenSearchService         : [1/10] 2건 발견
2026-03-10T03:56:26.519+09:00  INFO 36164 --- [           main] c.l.i.service.InvenSearchService         : [2/10] 1건 발견
2026-03-10T03:56:26.519+09:00  INFO 36164 --- [           main] c.l.i.service.InvenSearchService         : [검색 종료] 다음 검색 링크 없음 (2회 수행)
2026-03-10T03:56:26.519+09:00  INFO 36164 --- [           main] c.l.i.service.InvenSearchService         : [검색 완료] 닉네임='BeeA23' | 총 3건 수집
]]></system-out>
  </testcase>
  <testcase name="search_parsesPostsCorrectly" classname="com.lostark.invenchecker.service.InvenSearchServiceTest" time="0.013">
    <system-out><![CDATA[2026-03-10T03:56:26.525+09:00  INFO 36164 --- [           main] c.l.i.service.InvenSearchService         : [검색 시작] 닉네임='BeeA23' | maxIterations=10
2026-03-10T03:56:26.530+09:00  INFO 36164 --- [           main] c.l.i.service.InvenSearchService         : [1/10] 2건 발견
2026-03-10T03:56:26.534+09:00  INFO 36164 --- [           main] c.l.i.service.InvenSearchService         : [검색 종료] 다음 검색 링크 없음 (2회 수행)
2026-03-10T03:56:26.534+09:00  INFO 36164 --- [           main] c.l.i.service.InvenSearchService         : [검색 완료] 닉네임='BeeA23' | 총 2건 수집
]]></system-out>
  </testcase>
  <testcase name="search_author_excludesMapleIconAltText" classname="com.lostark.invenchecker.service.InvenSearchServiceTest" time="0.012">
    <system-out><![CDATA[2026-03-10T03:56:26.539+09:00  INFO 36164 --- [           main] c.l.i.service.InvenSearchService         : [검색 시작] 닉네임='BeeA23' | maxIterations=10
2026-03-10T03:56:26.543+09:00  INFO 36164 --- [           main] c.l.i.service.InvenSearchService         : [1/10] 2건 발견
2026-03-10T03:56:26.548+09:00  INFO 36164 --- [           main] c.l.i.service.InvenSearchService         : [검색 종료] 다음 검색 링크 없음 (2회 수행)
2026-03-10T03:56:26.548+09:00  INFO 36164 --- [           main] c.l.i.service.InvenSearchService         : [검색 완료] 닉네임='BeeA23' | 총 2건 수집
]]></system-out>
  </testcase>
  <testcase name="search_koreanNickname_encodedCorrectly" classname="com.lostark.invenchecker.service.InvenSearchServiceTest" time="0.008">
    <system-out><![CDATA[2026-03-10T03:56:26.549+09:00  INFO 36164 --- [           main] c.l.i.service.InvenSearchService         : [검색 시작] 닉네임='교쩌' | maxIterations=10
2026-03-10T03:56:26.556+09:00  INFO 36164 --- [           main] c.l.i.service.InvenSearchService         : [검색 종료] 다음 검색 링크 없음 (1회 수행)
2026-03-10T03:56:26.556+09:00  INFO 36164 --- [           main] c.l.i.service.InvenSearchService         : [검색 완료] 닉네임='교쩌' | 총 0건 수집
]]></system-out>
  </testcase>
  <testcase name="search_requestUrl_containsCorrectParams" classname="com.lostark.invenchecker.service.InvenSearchServiceTest" time="0.007">
    <system-out><![CDATA[2026-03-10T03:56:26.559+09:00  INFO 36164 --- [           main] c.l.i.service.InvenSearchService         : [검색 시작] 닉네임='BeeA23' | maxIterations=10
2026-03-10T03:56:26.564+09:00  INFO 36164 --- [           main] c.l.i.service.InvenSearchService         : [검색 종료] 다음 검색 링크 없음 (1회 수행)
2026-03-10T03:56:26.564+09:00  INFO 36164 --- [           main] c.l.i.service.InvenSearchService         : [검색 완료] 닉네임='BeeA23' | 총 0건 수집
]]></system-out>
  </testcase>
  <testcase name="search_relativeLink_prefixedWithBaseUrl" classname="com.lostark.invenchecker.service.InvenSearchServiceTest" time="0.014">
    <system-out><![CDATA[2026-03-10T03:56:26.568+09:00  INFO 36164 --- [           main] c.l.i.service.InvenSearchService         : [검색 시작] 닉네임='BeeA23' | maxIterations=10
2026-03-10T03:56:26.573+09:00  INFO 36164 --- [           main] c.l.i.service.InvenSearchService         : [1/10] 2건 발견
2026-03-10T03:56:26.578+09:00  INFO 36164 --- [           main] c.l.i.service.InvenSearchService         : [검색 종료] 다음 검색 링크 없음 (2회 수행)
2026-03-10T03:56:26.578+09:00  INFO 36164 --- [           main] c.l.i.service.InvenSearchService         : [검색 완료] 닉네임='BeeA23' | 총 2건 수집
]]></system-out>
  </testcase>
</testsuite>